2021-12-10 00:26:55,531 INFO org.springframework.boot.StartupInfoLogger [restartedMain] Starting FacScheduleApplication using Java 16.0.1 on DESKTOP-HR9TRD1 with PID 2220 (C:\Users\Vlad Kovryzhenko\Desktop\facSchedule\target\classes started by Vlad Kovryzhenko in C:\Users\Vlad Kovryzhenko\Desktop\facSchedule) user.id=
2021-12-10 00:26:55,535 INFO org.springframework.boot.SpringApplication [restartedMain] The following profiles are active: prod user.id=
2021-12-10 00:26:55,574 INFO org.springframework.boot.logging.DeferredLog [restartedMain] Devtools property defaults active! Set 'spring.devtools.add-properties' to 'false' to disable user.id=
2021-12-10 00:26:55,574 INFO org.springframework.boot.logging.DeferredLog [restartedMain] For additional web related logging consider setting the 'logging.level.web' property to 'DEBUG' user.id=
2021-12-10 00:26:56,345 INFO org.springframework.data.repository.config.RepositoryConfigurationDelegate [restartedMain] Bootstrapping Spring Data JPA repositories in DEFAULT mode. user.id=
2021-12-10 00:26:56,398 INFO org.springframework.data.repository.config.RepositoryConfigurationDelegate [restartedMain] Finished Spring Data repository scanning in 46 ms. Found 8 JPA repository interfaces. user.id=
2021-12-10 00:26:56,879 INFO org.springframework.boot.web.embedded.tomcat.TomcatWebServer [restartedMain] Tomcat initialized with port(s): 8080 (http) user.id=
2021-12-10 00:26:56,886 INFO org.apache.juli.logging.DirectJDKLog [restartedMain] Initializing ProtocolHandler ["http-nio-8080"] user.id=
2021-12-10 00:26:56,886 INFO org.apache.juli.logging.DirectJDKLog [restartedMain] Starting service [Tomcat] user.id=
2021-12-10 00:26:56,886 INFO org.apache.juli.logging.DirectJDKLog [restartedMain] Starting Servlet engine: [Apache Tomcat/9.0.55] user.id=
2021-12-10 00:26:56,957 INFO org.apache.juli.logging.DirectJDKLog [restartedMain] Initializing Spring embedded WebApplicationContext user.id=
2021-12-10 00:26:56,958 INFO org.springframework.boot.web.servlet.context.ServletWebServerApplicationContext [restartedMain] Root WebApplicationContext: initialization completed in 1383 ms user.id=
2021-12-10 00:26:56,980 INFO com.zaxxer.hikari.HikariDataSource [restartedMain] HikariPool-1 - Starting... user.id=
2021-12-10 00:26:57,203 INFO com.zaxxer.hikari.HikariDataSource [restartedMain] HikariPool-1 - Start completed. user.id=
2021-12-10 00:26:57,217 INFO org.springframework.boot.autoconfigure.h2.H2ConsoleAutoConfiguration [restartedMain] H2 console available at '/h2-console'. Database available at 'jdbc:h2:file:./scheduler' user.id=
2021-12-10 00:26:57,419 INFO org.hibernate.jpa.internal.util.LogHelper [restartedMain] HHH000204: Processing PersistenceUnitInfo [name: default] user.id=
2021-12-10 00:26:57,467 INFO org.hibernate.Version [restartedMain] HHH000412: Hibernate ORM core version 5.6.1.Final user.id=
2021-12-10 00:26:57,588 INFO org.hibernate.annotations.common.reflection.java.JavaReflectionManager [restartedMain] HCANN000001: Hibernate Commons Annotations {5.1.2.Final} user.id=
2021-12-10 00:26:57,667 INFO org.hibernate.dialect.Dialect [restartedMain] HHH000400: Using dialect: org.hibernate.dialect.H2Dialect user.id=
2021-12-10 00:26:58,321 INFO org.hibernate.engine.transaction.jta.platform.internal.JtaPlatformInitiator [restartedMain] HHH000490: Using JtaPlatform implementation: [org.hibernate.engine.transaction.jta.platform.internal.NoJtaPlatform] user.id=
2021-12-10 00:26:58,327 INFO org.springframework.orm.jpa.AbstractEntityManagerFactoryBean [restartedMain] Initialized JPA EntityManagerFactory for persistence unit 'default' user.id=
2021-12-10 00:26:58,546 WARN org.springframework.boot.autoconfigure.orm.jpa.JpaBaseConfiguration$JpaWebConfiguration [restartedMain] spring.jpa.open-in-view is enabled by default. Therefore, database queries may be performed during view rendering. Explicitly configure spring.jpa.open-in-view to disable this warning user.id=
2021-12-10 00:26:58,734 INFO org.springframework.security.web.DefaultSecurityFilterChain [restartedMain] Will secure any request with [org.springframework.security.web.context.request.async.WebAsyncManagerIntegrationFilter@4f78f194, org.springframework.security.web.context.SecurityContextPersistenceFilter@5609d927, org.springframework.security.web.header.HeaderWriterFilter@49ccb4dc, org.springframework.security.web.authentication.logout.LogoutFilter@687e4aa1, com.example.facSchedule.config.JwtFilter@2cb81068, org.springframework.security.web.authentication.UsernamePasswordAuthenticationFilter@5295bd59, org.springframework.security.web.savedrequest.RequestCacheAwareFilter@6cab530e, org.springframework.security.web.servletapi.SecurityContextHolderAwareRequestFilter@6cc211ce, org.springframework.security.web.authentication.AnonymousAuthenticationFilter@133886c3, org.springframework.security.web.session.SessionManagementFilter@6a7fb0d3, org.springframework.security.web.access.ExceptionTranslationFilter@6d6e8e64, org.springframework.security.web.access.intercept.FilterSecurityInterceptor@424a121b] user.id=
2021-12-10 00:26:58,854 INFO org.springframework.boot.autoconfigure.web.servlet.WelcomePageHandlerMapping [restartedMain] Adding welcome page template: index user.id=
2021-12-10 00:26:58,961 INFO org.springframework.boot.devtools.autoconfigure.OptionalLiveReloadServer [restartedMain] LiveReload server is running on port 35729 user.id=
2021-12-10 00:26:58,974 INFO org.apache.juli.logging.DirectJDKLog [restartedMain] Starting ProtocolHandler ["http-nio-8080"] user.id=
2021-12-10 00:26:58,998 INFO org.springframework.boot.web.embedded.tomcat.TomcatWebServer [restartedMain] Tomcat started on port(s): 8080 (http) with context path '' user.id=
2021-12-10 00:26:59,005 INFO org.springframework.boot.StartupInfoLogger [restartedMain] Started FacScheduleApplication in 3.843 seconds (JVM running for 4.377) user.id=
2021-12-10 00:27:13,301 INFO org.springframework.orm.jpa.AbstractEntityManagerFactoryBean [SpringApplicationShutdownHook] Closing JPA EntityManagerFactory for persistence unit 'default' user.id=
2021-12-10 00:27:13,303 INFO com.zaxxer.hikari.HikariDataSource [SpringApplicationShutdownHook] HikariPool-1 - Shutdown initiated... user.id=
2021-12-10 00:27:13,304 INFO com.zaxxer.hikari.HikariDataSource [SpringApplicationShutdownHook] HikariPool-1 - Shutdown completed. user.id=
2021-12-10 03:58:01,122 INFO org.springframework.boot.StartupInfoLogger [restartedMain] Starting FacScheduleApplication using Java 16.0.1 on DESKTOP-HR9TRD1 with PID 4828 (C:\Users\Vlad Kovryzhenko\Desktop\facSchedule\target\classes started by Vlad Kovryzhenko in C:\Users\Vlad Kovryzhenko\Desktop\facSchedule) user.id=
2021-12-10 03:58:01,123 INFO org.springframework.boot.SpringApplication [restartedMain] The following profiles are active: prod user.id=
2021-12-10 03:58:01,167 INFO org.springframework.boot.logging.DeferredLog [restartedMain] Devtools property defaults active! Set 'spring.devtools.add-properties' to 'false' to disable user.id=
2021-12-10 03:58:01,168 INFO org.springframework.boot.logging.DeferredLog [restartedMain] For additional web related logging consider setting the 'logging.level.web' property to 'DEBUG' user.id=
2021-12-10 03:58:01,715 INFO org.springframework.data.repository.config.RepositoryConfigurationDelegate [restartedMain] Bootstrapping Spring Data JPA repositories in DEFAULT mode. user.id=
2021-12-10 03:58:01,893 INFO org.springframework.data.repository.config.RepositoryConfigurationDelegate [restartedMain] Finished Spring Data repository scanning in 170 ms. Found 8 JPA repository interfaces. user.id=
2021-12-10 03:58:02,393 INFO org.springframework.boot.web.embedded.tomcat.TomcatWebServer [restartedMain] Tomcat initialized with port(s): 8080 (http) user.id=
2021-12-10 03:58:02,400 INFO org.apache.juli.logging.DirectJDKLog [restartedMain] Initializing ProtocolHandler ["http-nio-8080"] user.id=
2021-12-10 03:58:02,400 INFO org.apache.juli.logging.DirectJDKLog [restartedMain] Starting service [Tomcat] user.id=
2021-12-10 03:58:02,400 INFO org.apache.juli.logging.DirectJDKLog [restartedMain] Starting Servlet engine: [Apache Tomcat/9.0.55] user.id=
2021-12-10 03:58:02,469 INFO org.apache.juli.logging.DirectJDKLog [restartedMain] Initializing Spring embedded WebApplicationContext user.id=
2021-12-10 03:58:02,469 INFO org.springframework.boot.web.servlet.context.ServletWebServerApplicationContext [restartedMain] Root WebApplicationContext: initialization completed in 1300 ms user.id=
2021-12-10 03:58:02,492 INFO com.zaxxer.hikari.HikariDataSource [restartedMain] HikariPool-1 - Starting... user.id=
2021-12-10 03:58:02,585 INFO com.zaxxer.hikari.HikariDataSource [restartedMain] HikariPool-1 - Start completed. user.id=
2021-12-10 03:58:02,593 INFO org.springframework.boot.autoconfigure.h2.H2ConsoleAutoConfiguration [restartedMain] H2 console available at '/h2-console'. Database available at 'jdbc:h2:file:./scheduler' user.id=
2021-12-10 03:58:02,707 INFO org.hibernate.jpa.internal.util.LogHelper [restartedMain] HHH000204: Processing PersistenceUnitInfo [name: default] user.id=
2021-12-10 03:58:02,744 INFO org.hibernate.Version [restartedMain] HHH000412: Hibernate ORM core version 5.6.1.Final user.id=
2021-12-10 03:58:02,839 INFO org.hibernate.annotations.common.reflection.java.JavaReflectionManager [restartedMain] HCANN000001: Hibernate Commons Annotations {5.1.2.Final} user.id=
2021-12-10 03:58:02,916 INFO org.hibernate.dialect.Dialect [restartedMain] HHH000400: Using dialect: org.hibernate.dialect.H2Dialect user.id=
2021-12-10 03:58:03,490 INFO org.hibernate.engine.transaction.jta.platform.internal.JtaPlatformInitiator [restartedMain] HHH000490: Using JtaPlatform implementation: [org.hibernate.engine.transaction.jta.platform.internal.NoJtaPlatform] user.id=
2021-12-10 03:58:03,497 INFO org.springframework.orm.jpa.AbstractEntityManagerFactoryBean [restartedMain] Initialized JPA EntityManagerFactory for persistence unit 'default' user.id=
2021-12-10 03:58:03,734 WARN org.springframework.boot.autoconfigure.orm.jpa.JpaBaseConfiguration$JpaWebConfiguration [restartedMain] spring.jpa.open-in-view is enabled by default. Therefore, database queries may be performed during view rendering. Explicitly configure spring.jpa.open-in-view to disable this warning user.id=
2021-12-10 03:58:03,967 INFO org.springframework.security.web.DefaultSecurityFilterChain [restartedMain] Will secure any request with [org.springframework.security.web.context.request.async.WebAsyncManagerIntegrationFilter@15468c19, org.springframework.security.web.context.SecurityContextPersistenceFilter@36ea5da9, org.springframework.security.web.header.HeaderWriterFilter@46df5e64, org.springframework.security.web.authentication.logout.LogoutFilter@84905f2, com.example.facSchedule.config.JwtFilter@146380ec, org.springframework.security.web.authentication.UsernamePasswordAuthenticationFilter@7af8860e, org.springframework.security.web.savedrequest.RequestCacheAwareFilter@58f54eb6, org.springframework.security.web.servletapi.SecurityContextHolderAwareRequestFilter@68cac4ce, org.springframework.security.web.authentication.AnonymousAuthenticationFilter@69773e6b, org.springframework.security.web.session.SessionManagementFilter@1f4a6f9c, org.springframework.security.web.access.ExceptionTranslationFilter@575fa6b7, org.springframework.security.web.access.intercept.FilterSecurityInterceptor@16142ac7] user.id=
2021-12-10 03:58:04,104 INFO org.springframework.boot.autoconfigure.web.servlet.WelcomePageHandlerMapping [restartedMain] Adding welcome page template: index user.id=
2021-12-10 03:58:04,242 INFO org.springframework.boot.devtools.autoconfigure.OptionalLiveReloadServer [restartedMain] LiveReload server is running on port 35729 user.id=
2021-12-10 03:58:04,257 INFO org.apache.juli.logging.DirectJDKLog [restartedMain] Starting ProtocolHandler ["http-nio-8080"] user.id=
2021-12-10 03:58:04,284 INFO org.springframework.boot.web.embedded.tomcat.TomcatWebServer [restartedMain] Tomcat started on port(s): 8080 (http) with context path '' user.id=
2021-12-10 03:58:04,294 INFO org.springframework.boot.StartupInfoLogger [restartedMain] Started FacScheduleApplication in 3.582 seconds (JVM running for 4.109) user.id=
2021-12-10 03:58:16,684 INFO org.springframework.orm.jpa.AbstractEntityManagerFactoryBean [SpringApplicationShutdownHook] Closing JPA EntityManagerFactory for persistence unit 'default' user.id=
2021-12-10 03:58:16,686 INFO com.zaxxer.hikari.HikariDataSource [SpringApplicationShutdownHook] HikariPool-1 - Shutdown initiated... user.id=
2021-12-10 03:58:16,687 INFO com.zaxxer.hikari.HikariDataSource [SpringApplicationShutdownHook] HikariPool-1 - Shutdown completed. user.id=
